Using pre-set license
Built from '2021.1/release' branch; Version is '2021.1.4f1 (4cd64a618c1b) revision 5035594'; Using compiler version '192528614'; Build Type 'Release'
OS: 'Windows 10 Home Single Language; OS build 19042.1415; Version 2009; 64bit' Language: 'ru' Physical Memory: 8124 MB
BatchMode: 1, IsHumanControllingUs: 0, StartBugReporterOnCrash: 0, Is64bit: 1, IsPro: 0

 COMMAND LINE ARGUMENTS:
D:\Unity\2021.1.4f1\Editor\Unity.exe
-adb2
-batchMode
-noUpm
-name
AssetImportWorker0
-projectPath
D:/UnityProjects/Zomb/HomeWork2
-logFile
Logs/AssetImportWorker0.log
-srvPort
59004
Successfully changed project path to: D:/UnityProjects/Zomb/HomeWork2
D:/UnityProjects/Zomb/HomeWork2
Using Asset Import Pipeline V2.
Refreshing native plugins compatible for Editor in 39.79 ms, found 3 plugins.
Preloading 0 native plugins for Editor in 0.00 ms.
Initialize engine version: 2021.1.4f1 (4cd64a618c1b)
[Subsystems] Discovering subsystems at path D:/Unity/2021.1.4f1/Editor/Data/Resources/UnitySubsystems
[Subsystems] Discovering subsystems at path D:/UnityProjects/Zomb/HomeWork2/Assets
GfxDevice: creating device client; threaded=0; jobified=0
Direct3D:
    Version:  Direct3D 11.0 [level 11.0]
    Renderer: NVIDIA GeForce GTX 750 (ID=0x1381)
    Vendor:   NVIDIA
    VRAM:     2007 MB
    Driver:   30.0.14.7239
Initialize mono
Mono path[0] = 'D:/Unity/2021.1.4f1/Editor/Data/Managed'
Mono path[1] = 'D:/Unity/2021.1.4f1/Editor/Data/MonoBleedingEdge/lib/mono/unityjit'
Mono config path = 'D:/Unity/2021.1.4f1/Editor/Data/MonoBleedingEdge/etc'
Using monoOptions --debugger-agent=transport=dt_socket,embedding=1,server=y,suspend=n,address=127.0.0.1:56460
Begin MonoManager ReloadAssembly
Registering precompiled unity dll's ...
Register platform support module: D:/Unity/2021.1.4f1/Editor/Data/PlaybackEngines/WebGLSupport/UnityEditor.WebGL.Extensions.dll
Register platform support module: D:/Unity/2021.1.4f1/Editor/Data/PlaybackEngines/WindowsStandaloneSupport/UnityEditor.WindowsStandalone.Extensions.dll
Registered in 0.001413 seconds.
Native extension for WindowsStandalone target not found
Native extension for WebGL target not found
Refreshing native plugins compatible for Editor in 37.79 ms, found 3 plugins.
Preloading 0 native plugins for Editor in 0.00 ms.
Mono: successfully reloaded assembly
- Completed reload, in  1.414 seconds
Platform modules already initialized, skipping
Registering precompiled user dll's ...
Registered in 0.001758 seconds.
Begin MonoManager ReloadAssembly
Native extension for WindowsStandalone target not found
Native extension for WebGL target not found
Refreshing native plugins compatible for Editor in 0.90 ms, found 3 plugins.
Preloading 0 native plugins for Editor in 0.00 ms.
Mono: successfully reloaded assembly
- Completed reload, in  1.421 seconds
Platform modules already initialized, skipping
========================================================================
Worker process is ready to serve import requests
Launched and connected shader compiler UnityShaderCompiler.exe after 0.07 seconds
Refreshing native plugins compatible for Editor in 0.81 ms, found 3 plugins.
Preloading 0 native plugins for Editor in 0.00 ms.
Unloading 1444 Unused Serialized files (Serialized files now loaded: 0)
System memory in use before: 77.5 MB.
System memory in use after: 77.5 MB.

Unloading 13 unused Assets to reduce memory usage. Loaded Objects now: 1911.
Total: 2.572200 ms (FindLiveObjects: 0.167200 ms CreateObjectMapping: 0.061900 ms MarkObjects: 2.212500 ms  DeleteObjects: 0.129000 ms)

========================================================================
Received Import Request.
  path: Assets/RPG_FPS_game_assets_industrial
  artifactKey: Guid(c011c4d22d8f71148b47f496042e9e09) Importer(815301076,1909f56bfc062723c751e8b465ee728b)
Start importing Assets/RPG_FPS_game_assets_industrial using Guid(c011c4d22d8f71148b47f496042e9e09) Importer(815301076,1909f56bfc062723c751e8b465ee728b)  -> (artifact id: '62be3a529b55e593c7f5c8fe5bf5ddba') in 0.012946 seconds 
========================================================================
Received Import Request.
  Time since last request: 2.853175 seconds.
  path: Assets/RPG_FPS_game_assets_industrial/Assets_showcase_scene.unity
  artifactKey: Guid(a8f7c31154bcc5e409be7f1bb14f0b08) Importer(815301076,1909f56bfc062723c751e8b465ee728b)
Start importing Assets/RPG_FPS_game_assets_industrial/Assets_showcase_scene.unity using Guid(a8f7c31154bcc5e409be7f1bb14f0b08) Importer(815301076,1909f56bfc062723c751e8b465ee728b)  -> (artifact id: '435dd13fe8679c0d11603a79a93f06fa') in 0.020193 seconds 
========================================================================
Received Import Request.
  Time since last request: 31.676466 seconds.
  path: Assets/RPG_FPS_game_assets_industrial/Map_v1.unity
  artifactKey: Guid(5a463281e6e238742a45430f11e82829) Importer(815301076,1909f56bfc062723c751e8b465ee728b)
Start importing Assets/RPG_FPS_game_assets_industrial/Map_v1.unity using Guid(5a463281e6e238742a45430f11e82829) Importer(815301076,1909f56bfc062723c751e8b465ee728b)  -> (artifact id: '23248d29ed9c46f8c070bdae018f1318') in 0.008301 seconds 
========================================================================
Received Import Request.
  Time since last request: 1563.074549 seconds.
  path: Assets/RPG_FPS_game_assets_industrial/Barrels
  artifactKey: Guid(5e08619e167fbc04ea4c8c676ef68107) Importer(815301076,1909f56bfc062723c751e8b465ee728b)
Start importing Assets/RPG_FPS_game_assets_industrial/Barrels using Guid(5e08619e167fbc04ea4c8c676ef68107) Importer(815301076,1909f56bfc062723c751e8b465ee728b)  -> (artifact id: 'f072476387208268803c06b7a68ab2af') in 0.010836 seconds 
========================================================================
Received Import Request.
  Time since last request: 2.093154 seconds.
  path: Assets/RPG_FPS_game_assets_industrial/Barrels/Barrel_v1
  artifactKey: Guid(5424c2ecb16e3324fa14062012b879ac) Importer(815301076,1909f56bfc062723c751e8b465ee728b)
Start importing Assets/RPG_FPS_game_assets_industrial/Barrels/Barrel_v1 using Guid(5424c2ecb16e3324fa14062012b879ac) Importer(815301076,1909f56bfc062723c751e8b465ee728b)  -> (artifact id: 'f96742e1d3893f70d8bb4b3966f890f4') in 0.028774 seconds 
========================================================================
Received Import Request.
  Time since last request: 0.035721 seconds.
  path: Assets/RPG_FPS_game_assets_industrial/Barrels/Barrel_v1/Barrel_v1_LD1.prefab
  artifactKey: Guid(a22c0c7e17126fa4f89534dc98bcac8f) Importer(815301076,1909f56bfc062723c751e8b465ee728b)
Start importing Assets/RPG_FPS_game_assets_industrial/Barrels/Barrel_v1/Barrel_v1_LD1.prefab using Guid(a22c0c7e17126fa4f89534dc98bcac8f) Importer(815301076,1909f56bfc062723c751e8b465ee728b)  -> (artifact id: '67166dc2e5566f50642c814d9772dacb') in 0.294489 seconds 
========================================================================
Received Import Request.
  Time since last request: 0.000246 seconds.
  path: Assets/RPG_FPS_game_assets_industrial/Barrels/Barrel_v1/Barrel_v1_LD2.prefab
  artifactKey: Guid(17002e90aebb00b40a69cf6fe9083dfc) Importer(815301076,1909f56bfc062723c751e8b465ee728b)
Start importing Assets/RPG_FPS_game_assets_industrial/Barrels/Barrel_v1/Barrel_v1_LD2.prefab using Guid(17002e90aebb00b40a69cf6fe9083dfc) Importer(815301076,1909f56bfc062723c751e8b465ee728b)  -> (artifact id: 'a9016afc5a298b9736a0e3acf279deb7') in 0.023650 seconds 
========================================================================
Received Import Request.
  Time since last request: 0.000983 seconds.
  path: Assets/RPG_FPS_game_assets_industrial/Barrels/Barrel_v1/Barrel_v1_LD3.prefab
  artifactKey: Guid(85a8f6f8dca77df4e9c05f21b5e8ed87) Importer(815301076,1909f56bfc062723c751e8b465ee728b)
Start importing Assets/RPG_FPS_game_assets_industrial/Barrels/Barrel_v1/Barrel_v1_LD3.prefab using Guid(85a8f6f8dca77df4e9c05f21b5e8ed87) Importer(815301076,1909f56bfc062723c751e8b465ee728b)  -> (artifact id: '2b4c6c25a3ed2d255e6e9694e727aa7e') in 0.016996 seconds 
========================================================================
Received Import Request.
  Time since last request: 264.853958 seconds.
  path: Assets/Scenes/SampleScene.unity
  artifactKey: Guid(9fc0d4010bbf28b4594072e72b8655ab) Importer(815301076,1909f56bfc062723c751e8b465ee728b)
Start importing Assets/Scenes/SampleScene.unity using Guid(9fc0d4010bbf28b4594072e72b8655ab) Importer(815301076,1909f56bfc062723c751e8b465ee728b)  -> (artifact id: '5805845c4b907cc7401e4dbd9e4b38f6') in 0.012434 seconds 
========================================================================
Received Import Request.
  Time since last request: 5.074837 seconds.
  path: Assets/Oil_tanks
  artifactKey: Guid(ef06f69ba4a21a341a36bceef9fff394) Importer(815301076,1909f56bfc062723c751e8b465ee728b)
Start importing Assets/Oil_tanks using Guid(ef06f69ba4a21a341a36bceef9fff394) Importer(815301076,1909f56bfc062723c751e8b465ee728b)  -> (artifact id: '10981981165b430336971a68ac60859f') in 0.013887 seconds 
========================================================================
Received Import Request.
  Time since last request: 1.086974 seconds.
  path: Assets/Oil_tanks/Oil_tank_v1
  artifactKey: Guid(10c037ad63d945e48a1d46c488b253a8) Importer(815301076,1909f56bfc062723c751e8b465ee728b)
Start importing Assets/Oil_tanks/Oil_tank_v1 using Guid(10c037ad63d945e48a1d46c488b253a8) Importer(815301076,1909f56bfc062723c751e8b465ee728b)  -> (artifact id: '11eba4c0bf4c43c83da74366d66ef830') in 0.009254 seconds 
========================================================================
Received Import Request.
  Time since last request: 0.032105 seconds.
  path: Assets/Oil_tanks/Oil_tank_v1/Oil_tank_v1.prefab
  artifactKey: Guid(b2be9b4ffc291194c96942bd60bdc25c) Importer(815301076,1909f56bfc062723c751e8b465ee728b)
Start importing Assets/Oil_tanks/Oil_tank_v1/Oil_tank_v1.prefab using Guid(b2be9b4ffc291194c96942bd60bdc25c) Importer(815301076,1909f56bfc062723c751e8b465ee728b)  -> (artifact id: '89ce87526164536a4811dc1bb2019785') in 0.091080 seconds 
========================================================================
Received Prepare
Registering precompiled user dll's ...
Registered in 0.048494 seconds.
Begin MonoManager ReloadAssembly
Native extension for WindowsStandalone target not found
Native extension for WebGL target not found
Refreshing native plugins compatible for Editor in 0.47 ms, found 3 plugins.
Preloading 0 native plugins for Editor in 0.00 ms.
Mono: successfully reloaded assembly
- Completed reload, in  1.592 seconds
Platform modules already initialized, skipping
Refreshing native plugins compatible for Editor in 0.48 ms, found 3 plugins.
Preloading 0 native plugins for Editor in 0.00 ms.
Unloading 1419 Unused Serialized files (Serialized files now loaded: 0)
System memory in use before: 80.0 MB.
System memory in use after: 80.1 MB.

Unloading 8 unused Assets to reduce memory usage. Loaded Objects now: 1924.
Total: 2.484200 ms (FindLiveObjects: 0.167300 ms CreateObjectMapping: 0.078700 ms MarkObjects: 2.171500 ms  DeleteObjects: 0.065100 ms)

========================================================================
Received Prepare
Registering precompiled user dll's ...
Registered in 0.002319 seconds.
Begin MonoManager ReloadAssembly
Native extension for WindowsStandalone target not found
Native extension for WebGL target not found
Refreshing native plugins compatible for Editor in 0.48 ms, found 3 plugins.
Preloading 0 native plugins for Editor in 0.00 ms.
Mono: successfully reloaded assembly
- Completed reload, in  1.760 seconds
Platform modules already initialized, skipping
Refreshing native plugins compatible for Editor in 0.76 ms, found 3 plugins.
Preloading 0 native plugins for Editor in 0.00 ms.
Unloading 1419 Unused Serialized files (Serialized files now loaded: 0)
System memory in use before: 80.0 MB.
System memory in use after: 80.1 MB.

Unloading 8 unused Assets to reduce memory usage. Loaded Objects now: 1928.
Total: 3.387700 ms (FindLiveObjects: 0.209200 ms CreateObjectMapping: 0.108600 ms MarkObjects: 2.969300 ms  DeleteObjects: 0.099000 ms)

========================================================================
Received Import Request.
  Time since last request: 460.049503 seconds.
  path: Assets/SteamVR/Input
  artifactKey: Guid(034ad660702976d4da58a18ccae19443) Importer(815301076,1909f56bfc062723c751e8b465ee728b)
Start importing Assets/SteamVR/Input using Guid(034ad660702976d4da58a18ccae19443) Importer(815301076,1909f56bfc062723c751e8b465ee728b)  -> (artifact id: '37588277cf751664a99777731c020389') in 0.015155 seconds 
